2016.07.13 15:26:23	1	Начало экспорта БД `manifik_main`
2016.07.13 15:26:24	1	Экспорт таблицы `fpi3d_assets`
2016.07.13 15:26:24	1	Экспорт таблицы `fpi3d_associations`
2016.07.13 15:26:24	1	Экспорт таблицы `fpi3d_banner_clients`
2016.07.13 15:26:24	1	Экспорт таблицы `fpi3d_banner_tracks`
2016.07.13 15:26:24	1	Экспорт таблицы `fpi3d_banners`
2016.07.13 15:26:24	1	Экспорт таблицы `fpi3d_categories`
2016.07.13 15:26:24	1	Экспорт таблицы `fpi3d_contact_details`
2016.07.13 15:26:24	1	Экспорт таблицы `fpi3d_content`
2016.07.13 15:26:24	1	Экспорт таблицы `fpi3d_content_frontpage`
2016.07.13 15:26:24	1	Экспорт таблицы `fpi3d_content_rating`
2016.07.13 15:26:24	1	Экспорт таблицы `fpi3d_content_types`
2016.07.13 15:26:24	1	Экспорт таблицы `fpi3d_contentitem_tag_map`
2016.07.13 15:26:24	1	Экспорт таблицы `fpi3d_core_log_searches`
2016.07.13 15:26:24	1	Экспорт таблицы `fpi3d_extensions`
2016.07.13 15:26:24	1	Экспорт таблицы `fpi3d_finder_filters`
2016.07.13 15:26:24	1	Экспорт таблицы `fpi3d_finder_links`
2016.07.13 15:26:24	1	Экспорт таблицы `fpi3d_finder_links_terms0`
2016.07.13 15:26:24	1	Экспорт таблицы `fpi3d_finder_links_terms1`
2016.07.13 15:26:24	1	Экспорт таблицы `fpi3d_finder_links_terms2`
2016.07.13 15:26:24	1	Экспорт таблицы `fpi3d_finder_links_terms3`
2016.07.13 15:26:24	1	Экспорт таблицы `fpi3d_finder_links_terms4`
2016.07.13 15:26:24	1	Экспорт таблицы `fpi3d_finder_links_terms5`
2016.07.13 15:26:24	1	Экспорт таблицы `fpi3d_finder_links_terms6`
2016.07.13 15:26:24	1	Экспорт таблицы `fpi3d_finder_links_terms7`
2016.07.13 15:26:24	1	Экспорт таблицы `fpi3d_finder_links_terms8`
2016.07.13 15:26:24	1	Экспорт таблицы `fpi3d_finder_links_terms9`
2016.07.13 15:26:24	1	Экспорт таблицы `fpi3d_finder_links_termsa`
2016.07.13 15:26:24	1	Экспорт таблицы `fpi3d_finder_links_termsb`
2016.07.13 15:26:24	1	Экспорт таблицы `fpi3d_finder_links_termsc`
2016.07.13 15:26:24	1	Экспорт таблицы `fpi3d_finder_links_termsd`
2016.07.13 15:26:24	1	Экспорт таблицы `fpi3d_finder_links_termse`
2016.07.13 15:26:24	1	Экспорт таблицы `fpi3d_finder_links_termsf`
2016.07.13 15:26:24	1	Экспорт таблицы `fpi3d_finder_taxonomy`
2016.07.13 15:26:24	1	Экспорт таблицы `fpi3d_finder_taxonomy_map`
2016.07.13 15:26:24	1	Экспорт таблицы `fpi3d_finder_terms`
2016.07.13 15:26:24	1	Экспорт таблицы `fpi3d_finder_terms_common`
2016.07.13 15:26:24	1	Экспорт таблицы `fpi3d_finder_tokens`
2016.07.13 15:26:24	1	Экспорт таблицы `fpi3d_finder_tokens_aggregate`
2016.07.13 15:26:24	1	Экспорт таблицы `fpi3d_finder_types`
2016.07.13 15:26:24	1	Экспорт таблицы `fpi3d_languages`
2016.07.13 15:26:24	1	Экспорт таблицы `fpi3d_menu`
2016.07.13 15:26:24	1	Экспорт таблицы `fpi3d_menu_types`
2016.07.13 15:26:24	1	Экспорт таблицы `fpi3d_messages`
2016.07.13 15:26:24	1	Экспорт таблицы `fpi3d_messages_cfg`
2016.07.13 15:26:24	1	Экспорт таблицы `fpi3d_modules`
2016.07.13 15:26:24	1	Экспорт таблицы `fpi3d_modules_menu`
2016.07.13 15:26:24	1	Экспорт таблицы `fpi3d_newsfeeds`
2016.07.13 15:26:24	1	Экспорт таблицы `fpi3d_overrider`
2016.07.13 15:26:24	1	Экспорт таблицы `fpi3d_postinstall_messages`
2016.07.13 15:26:24	1	Экспорт таблицы `fpi3d_redirect_links`
2016.07.13 15:26:24	1	Экспорт таблицы `fpi3d_schemas`
2016.07.13 15:26:24	1	Экспорт таблицы `fpi3d_session`
2016.07.13 15:26:24	1	Экспорт таблицы `fpi3d_tags`
2016.07.13 15:26:24	1	Экспорт таблицы `fpi3d_template_styles`
2016.07.13 15:26:24	1	Экспорт таблицы `fpi3d_ucm_base`
2016.07.13 15:26:24	1	Экспорт таблицы `fpi3d_ucm_content`
2016.07.13 15:26:24	1	Экспорт таблицы `fpi3d_ucm_history`
2016.07.13 15:26:24	1	Экспорт таблицы `fpi3d_update_sites`
2016.07.13 15:26:24	1	Экспорт таблицы `fpi3d_update_sites_extensions`
2016.07.13 15:26:24	1	Экспорт таблицы `fpi3d_updates`
2016.07.13 15:26:24	1	Экспорт таблицы `fpi3d_user_keys`
2016.07.13 15:26:24	1	Экспорт таблицы `fpi3d_user_notes`
2016.07.13 15:26:24	1	Экспорт таблицы `fpi3d_user_profiles`
2016.07.13 15:26:24	1	Экспорт таблицы `fpi3d_user_usergroup_map`
2016.07.13 15:26:24	1	Экспорт таблицы `fpi3d_usergroups`
2016.07.13 15:26:24	1	Экспорт таблицы `fpi3d_users`
2016.07.13 15:26:24	1	Экспорт таблицы `fpi3d_utf8_conversion`
2016.07.13 15:26:24	1	Экспорт таблицы `fpi3d_viewlevels`
2016.07.13 15:26:24	1	Резервная копия БД `manifik_main` создана.
